#
# A fatal error has been detected by the Java Runtime Environment:
#
#  EXCEPTION_ACCESS_VIOLATION (0xc0000005) at pc=0x00007ffe8acc6167, pid=20852, tid=22884
#
# JRE version: OpenJDK Runtime Environment (11.0.1+13) (build 11.0.1+13)
# Java VM: OpenJDK 64-Bit Server VM (11.0.1+13, mixed mode, tiered, compressed oops, g1 gc, windows-amd64)
# Problematic frame:
# V  [jvm.dll+0x396167]
#
# No core dump will be written. Minidumps are not enabled by default on client versions of Windows
#
# If you would like to submit a bug report, please visit:
#   http://bugreport.java.com/bugreport/crash.jsp
#

---------------  S U M M A R Y ------------

Command Line: -Dcom.sun.management.jmxremote -Dcom.sun.management.jmxremote.port=64488 -Dcom.sun.management.jmxremote.authenticate=false -Dcom.sun.management.jmxremote.ssl=false -Djava.rmi.server.hostname=localhost -Dspring.jmx.enabled=true -Dspring.application.admin.enabled=true -Xverify:none -XX:TieredStopAtLevel=1 -Dspring.boot.project.name=Cab-Booking-Application -Dfile.encoding=UTF-8 com.Cab.Booking.Application.CabBookingApplication --spring.output.ansi.enabled=always

Host: 11th Gen Intel(R) Core(TM) i5-1135G7 @ 2.40GHz, 8 cores, 15G,  Windows 10 , 64 bit Build 19041 (10.0.19041.1706)
Time: Sat Jun  4 17:11:59 2022 India Standard Time elapsed time: 5 seconds (0d 0h 0m 5s)

---------------  T H R E A D  ---------------

Current thread (0x000001b77b435000):  JavaThread "background-preinit" [_thread_in_vm, id=22884, stack(0x0000009d49c00000,0x0000009d49d00000)]

Stack: [0x0000009d49c00000,0x0000009d49d00000],  sp=0x0000009d49cfcbd0,  free space=1010k
Native frames: (J=compiled Java code, j=interpreted, Vv=VM code, C=native code)
V  [jvm.dll+0x396167]
V  [jvm.dll+0x395c34]
V  [jvm.dll+0x417a97]
C  [java.dll+0x85de]

Java frames: (J=compiled Java code, j=interpreted, Vv=VM code)
j  java.lang.Throwable.fillInStackTrace(I)Ljava/lang/Throwable;+0 java.base@11.0.1
j  java.lang.Throwable.fillInStackTrace()Ljava/lang/Throwable;+16 java.base@11.0.1
j  java.lang.Throwable.<init>(Ljava/lang/String;)V+24 java.base@11.0.1
j  java.lang.Exception.<init>(Ljava/lang/String;)V+2 java.base@11.0.1
j  java.lang.RuntimeException.<init>(Ljava/lang/String;)V+2 java.base@11.0.1
j  java.lang.IndexOutOfBoundsException.<init>(Ljava/lang/String;)V+2 java.base@11.0.1
j  java.lang.ArrayIndexOutOfBoundsException.<init>(Ljava/lang/String;)V+2 java.base@11.0.1
v  ~StubRoutines::call_stub

[error occurred during error reporting (printing Java stack), id 0xc0000005, EXCEPTION_ACCESS_VIOLATION (0xc0000005) at pc=0x00007ffe8af1fa7d]


siginfo: EXCEPTION_ACCESS_VIOLATION (0xc0000005), reading address 0xffffffffffffffff


Register to memory mapping:

RIP=0x00007ffe8acc6167 jvm.dll
RAX=0x000001b778ef2010 points into unknown readable memory
RBX=0x000001b77b2854c8 points into unknown readable memory
RCX=0x0000000000000fc4 is an unknown value
RDX=0x6d894c0824448d48 is an unknown value
RSP=0x0000009d49cfcbd0 is pointing into the stack for thread: 0x000001b77b435000
RBP=0x0000009d49cfccd0 is pointing into the stack for thread: 0x000001b77b435000
RSI=0x0 is NULL
RDI=0x000000001f172961 is an unknown value
R8 =0x0000000000008680 is an unknown value
R9 =0x000001b754f10000 points into unknown readable memory
R10=0x000001b75d420000 points into unknown readable memory
R11=0x0000009d49cfc960 is pointing into the stack for thread: 0x000001b77b435000
R12=0x0 is NULL
R13=0x0 is NULL
R14=0x000001b75d42d671 is at code_begin+17 in an Interpreter codelet
throw exception entrypoints  [0x000001b75d42d660, 0x000001b75d42db80]  1312 bytes
R15=0x0000009d49cfebb0 is pointing into the stack for thread: 0x000001b77b435000


Registers:
RAX=0x000001b778ef2010, RBX=0x000001b77b2854c8, RCX=0x0000000000000fc4, RDX=0x6d894c0824448d48
RSP=0x0000009d49cfcbd0, RBP=0x0000009d49cfccd0, RSI=0x0000000000000000, RDI=0x000000001f172961
R8 =0x0000000000008680, R9 =0x000001b754f10000, R10=0x000001b75d420000, R11=0x0000009d49cfc960
R12=0x0000000000000000, R13=0x0000000000000000, R14=0x000001b75d42d671, R15=0x0000009d49cfebb0
RIP=0x00007ffe8acc6167, EFLAGS=0x0000000000010246

Top of Stack: (sp=0x0000009d49cfcbd0)
0x0000009d49cfcbd0:   0000009d49cfccd0 000001b75d42d671
0x0000009d49cfcbe0:   0000009d49cfccd0 0000000000000020
0x0000009d49cfcbf0:   0000000000010001 0000000000000000
0x0000009d49cfcc00:   000001b77b41e710 0000009d00000400
0x0000009d49cfcc10:   000001b77a5bf3c0 0000009d49cfebc0
0x0000009d49cfcc20:   000001b75d42d671 000001b75d428690
0x0000009d49cfcc30:   000001b700000000 0000009d49cfec08
0x0000009d49cfcc40:   0000000000000000 000001b77b435000
0x0000009d49cfcc50:   000001b77a5bf280 00000000000003d8
0x0000009d49cfcc60:   000001b77a5bf668 00007ffe8b07ff96
0x0000009d49cfcc70:   000001b77b41e010 0000000000000000
0x0000009d49cfcc80:   000001b77b2854f8 0000000712c58db8
0x0000009d49cfcc90:   0000000712c58de0 0000000712c58e30
0x0000009d49cfcca0:   0000000712c58ec0 0000000712c58f50
0x0000009d49cfccb0:   0000000000000000 0000000000000033
0x0000009d49cfccc0:   000001b755052420 00007ffe8af3cd65 

Instructions: (pc=0x00007ffe8acc6167)
0x00007ffe8acc6147:   ff c6 44 24 20 01 44 38 64 24 21 75 6b 49 8b 47
0x00007ffe8acc6157:   08 48 8b 50 08 0f b7 48 2a 48 8b 05 e1 e9 70 00
0x00007ffe8acc6167:   48 39 44 ca 40 75 4c 44 38 25 ec 7c 6d 00 48 8b
0x00007ffe8acc6177:   52 18 4c 8b 03 74 16 45 8b 40 08 8b 0d 10 db 68 



---------------  P R O C E S S  ---------------

Threads class SMR info:
_java_thread_list=0x000001b77b3e33b0, length=16, elements={
0x000001b755056800, 0x000001b778f98800, 0x000001b778f9c000, 0x000001b7798a7800,
0x000001b7798a8800, 0x000001b7798aa000, 0x000001b77985c800, 0x000001b779820800,
0x000001b7799e9000, 0x000001b779a1a800, 0x000001b77a403000, 0x000001b77a3fa000,
0x000001b77a436800, 0x000001b77b2c0000, 0x000001b77b312800, 0x000001b77b435000
}

Java Threads: ( => current thread )
  0x000001b755056800 JavaThread "main" [_thread_blocked, id=12412, stack(0x0000009d48000000,0x0000009d48100000)]
  0x000001b778f98800 JavaThread "Reference Handler" daemon [_thread_blocked, id=21496, stack(0x0000009d48700000,0x0000009d48800000)]
  0x000001b778f9c000 JavaThread "Finalizer" daemon [_thread_blocked, id=23468, stack(0x0000009d48800000,0x0000009d48900000)]
  0x000001b7798a7800 JavaThread "Signal Dispatcher" daemon [_thread_blocked, id=15520, stack(0x0000009d48900000,0x0000009d48a00000)]
  0x000001b7798a8800 JavaThread "Attach Listener" daemon [_thread_blocked, id=17236, stack(0x0000009d48a00000,0x0000009d48b00000)]
  0x000001b7798aa000 JavaThread "C1 CompilerThread0" daemon [_thread_blocked, id=9172, stack(0x0000009d48b00000,0x0000009d48c00000)]
  0x000001b77985c800 JavaThread "Sweeper thread" daemon [_thread_blocked, id=12424, stack(0x0000009d48c00000,0x0000009d48d00000)]
  0x000001b779820800 JavaThread "Common-Cleaner" daemon [_thread_blocked, id=17476, stack(0x0000009d48d00000,0x0000009d48e00000)]
  0x000001b7799e9000 JavaThread "C1 CompilerThread1" daemon [_thread_blocked, id=24192, stack(0x0000009d48e00000,0x0000009d48f00000)]
  0x000001b779a1a800 JavaThread "Service Thread" daemon [_thread_blocked, id=21536, stack(0x0000009d48f00000,0x0000009d49000000)]
  0x000001b77a403000 JavaThread "RMI TCP Accept-0" daemon [_thread_in_native, id=5344, stack(0x0000009d49000000,0x0000009d49100000)]
  0x000001b77a3fa000 JavaThread "RMI TCP Accept-64488" daemon [_thread_in_native, id=12172, stack(0x0000009d49100000,0x0000009d49200000)]
  0x000001b77a436800 JavaThread "RMI TCP Accept-0" daemon [_thread_in_native, id=21284, stack(0x0000009d49200000,0x0000009d49300000)]
  0x000001b77b2c0000 JavaThread "Thread-0" [_thread_blocked, id=17548, stack(0x0000009d49a00000,0x0000009d49b00000)]
  0x000001b77b312800 JavaThread "restartedMain" [_thread_blocked, id=20660, stack(0x0000009d49b00000,0x0000009d49c00000)]
=>0x000001b77b435000 JavaThread "background-preinit" [_thread_in_vm, id=22884, stack(0x0000009d49c00000,0x0000009d49d00000)]

Other Threads:
  0x000001b778f93800 VMThread "VM Thread" [stack: 0x0000009d48600000,0x0000009d48700000] [id=26544]
  0x000001b77a4d6000 WatcherThread [stack: 0x0000009d49300000,0x0000009d49400000] [id=5648]
  0x000001b75506e800 GCTaskThread "GC Thread#0" [stack: 0x0000009d48100000,0x0000009d48200000] [id=21132]
  0x000001b77b28f800 GCTaskThread "GC Thread#1" [stack: 0x0000009d49400000,0x0000009d49500000] [id=2512]
  0x000001b77a7fd800 GCTaskThread "GC Thread#2" [stack: 0x0000009d49500000,0x0000009d49600000] [id=13712]
  0x000001b77a7fe800 GCTaskThread "GC Thread#3" [stack: 0x0000009d49600000,0x0000009d49700000] [id=16152]
  0x000001b77b286800 GCTaskThread "GC Thread#4" [stack: 0x0000009d49700000,0x0000009d49800000] [id=4032]
  0x000001b77b2a2800 GCTaskThread "GC Thread#5" [stack: 0x0000009d49800000,0x0000009d49900000] [id=12160]
  0x000001b7550c8000 ConcurrentGCThread "G1 Main Marker" [stack: 0x0000009d48200000,0x0000009d48300000] [id=17752]
  0x000001b7550c9800 ConcurrentGCThread "G1 Conc#0" [stack: 0x0000009d48300000,0x0000009d48400000] [id=26548]
  0x000001b778e7b800 ConcurrentGCThread "G1 Refine#0" [stack: 0x0000009d48400000,0x0000009d48500000] [id=1236]
  0x000001b77a161000 ConcurrentGCThread "G1 Refine#1" [stack: 0x0000009d49900000,0x0000009d49a00000] [id=11484]
  0x000001b778e7d800 ConcurrentGCThread "G1 Young RemSet Sampling" [stack: 0x0000009d48500000,0x0000009d48600000] [id=25972]

Threads with active compile tasks:

VM state:synchronizing (normal execution)

VM Mutex/Monitor currently owned by a thread:  ([mutex/lock_event])
[0x000001b755053820] Threads_lock - owner thread: 0x000001b778f93800

Heap address: 0x0000000704a00000, size: 4022 MB, Compressed Oops mode: Zero based, Oop shift amount: 3
Narrow klass base: 0x0000000800000000, Narrow klass shift: 0
Compressed class space size: 1073741824 Address: 0x0000000800000000

Heap:
 garbage-first heap   total 258048K, used 35089K [0x0000000704a00000, 0x0000000800000000)
  region size 1024K, 32 young (32768K), 4 survivors (4096K)
 Metaspace       used 18905K, capacity 19456K, committed 19584K, reserved 1067008K
  class space    used 2205K, capacity 2427K, committed 2432K, reserved 1048576K
Heap Regions: E=young(eden), S=young(survivor), O=old, HS=humongous(starts), HC=humongous(continues), CS=collection set, F=free, A=archive, TAMS=top-at-mark-start (previous, next)
|   0|0x0000000704a00000, 0x0000000704b00000, 0x0000000704b00000|100%|HS|  |TAMS 0x0000000704a00000, 0x0000000704a00000| Complete 
|   1|0x0000000704b00000, 0x0000000704c00000, 0x0000000704c00000|100%| O|  |TAMS 0x0000000704b00000, 0x0000000704b00000| Untracked 
|   2|0x0000000704c00000, 0x0000000704d00000, 0x0000000704d00000|100%| O|  |TAMS 0x0000000704c00000, 0x0000000704c00000| Untracked 
|   3|0x0000000704d00000, 0x0000000704e00000, 0x0000000704e00000|100%| O|  |TAMS 0x0000000704d00000, 0x0000000704d00000| Untracked 
|   4|0x0000000704e00000, 0x0000000704e1a600, 0x0000000704f00000| 10%| O|  |TAMS 0x0000000704e00000, 0x0000000704e00000| Untracked 
|   5|0x0000000704f00000, 0x0000000704f00000, 0x0000000705000000|  0%| F|  |TAMS 0x0000000704f00000, 0x0000000704f00000| Untracked 
|   6|0x0000000705000000, 0x0000000705000000, 0x0000000705100000|  0%| F|  |TAMS 0x0000000705000000, 0x0000000705000000| Untracked 
|   7|0x0000000705100000, 0x0000000705100000, 0x0000000705200000|  0%| F|  |TAMS 0x0000000705100000, 0x0000000705100000| Untracked 
|   8|0x0000000705200000, 0x0000000705200000, 0x0000000705300000|  0%| F|  |TAMS 0x0000000705200000, 0x0000000705200000| Untracked 
|   9|0x0000000705300000, 0x0000000705300000, 0x0000000705400000|  0%| F|  |TAMS 0x0000000705300000, 0x0000000705300000| Untracked 
|  10|0x0000000705400000, 0x0000000705400000, 0x0000000705500000|  0%| F|  |TAMS 0x0000000705400000, 0x0000000705400000| Untracked 
|  11|0x0000000705500000, 0x0000000705500000, 0x0000000705600000|  0%| F|  |TAMS 0x0000000705500000, 0x0000000705500000| Untracked 
|  12|0x0000000705600000, 0x0000000705600000, 0x0000000705700000|  0%| F|  |TAMS 0x0000000705600000, 0x0000000705600000| Untracked 
|  13|0x0000000705700000, 0x0000000705700000, 0x0000000705800000|  0%| F|  |TAMS 0x0000000705700000, 0x0000000705700000| Untracked 
|  14|0x0000000705800000, 0x0000000705800000, 0x0000000705900000|  0%| F|  |TAMS 0x0000000705800000, 0x0000000705800000| Untracked 
|  15|0x0000000705900000, 0x0000000705900000, 0x0000000705a00000|  0%| F|  |TAMS 0x0000000705900000, 0x0000000705900000| Untracked 
|  16|0x0000000705a00000, 0x0000000705a00000, 0x0000000705b00000|  0%| F|  |TAMS 0x0000000705a00000, 0x0000000705a00000| Untracked 
|  17|0x0000000705b00000, 0x0000000705b00000, 0x0000000705c00000|  0%| F|  |TAMS 0x0000000705b00000, 0x0000000705b00000| Untracked 
|  18|0x0000000705c00000, 0x0000000705c00000, 0x0000000705d00000|  0%| F|  |TAMS 0x0000000705c00000, 0x0000000705c00000| Untracked 
|  19|0x0000000705d00000, 0x0000000705d00000, 0x0000000705e00000|  0%| F|  |TAMS 0x0000000705d00000, 0x0000000705d00000| Untracked 
|  20|0x0000000705e00000, 0x0000000705e00000, 0x0000000705f00000|  0%| F|  |TAMS 0x0000000705e00000, 0x0000000705e00000| Untracked 
|  21|0x0000000705f00000, 0x0000000705f00000, 0x0000000706000000|  0%| F|  |TAMS 0x0000000705f00000, 0x0000000705f00000| Untracked 
|  22|0x0000000706000000, 0x0000000706000000, 0x0000000706100000|  0%| F|  |TAMS 0x0000000706000000, 0x0000000706000000| Untracked 
|  23|0x0000000706100000, 0x0000000706100000, 0x0000000706200000|  0%| F|  |TAMS 0x0000000706100000, 0x0000000706100000| Untracked 
|  24|0x0000000706200000, 0x0000000706200000, 0x0000000706300000|  0%| F|  |TAMS 0x0000000706200000, 0x0000000706200000| Untracked 
|  25|0x0000000706300000, 0x0000000706300000, 0x0000000706400000|  0%| F|  |TAMS 0x0000000706300000, 0x0000000706300000| Untracked 
|  26|0x0000000706400000, 0x0000000706400000, 0x0000000706500000|  0%| F|  |TAMS 0x0000000706400000, 0x0000000706400000| Untracked 
|  27|0x0000000706500000, 0x0000000706500000, 0x0000000706600000|  0%| F|  |TAMS 0x0000000706500000, 0x0000000706500000| Untracked 
|  28|0x0000000706600000, 0x0000000706600000, 0x0000000706700000|  0%| F|  |TAMS 0x0000000706600000, 0x0000000706600000| Untracked 
|  29|0x0000000706700000, 0x0000000706700000, 0x0000000706800000|  0%| F|  |TAMS 0x0000000706700000, 0x0000000706700000| Untracked 
|  30|0x0000000706800000, 0x0000000706800000, 0x0000000706900000|  0%| F|  |TAMS 0x0000000706800000, 0x0000000706800000| Untracked 
|  31|0x0000000706900000, 0x0000000706900000, 0x0000000706a00000|  0%| F|  |TAMS 0x0000000706900000, 0x0000000706900000| Untracked 
|  32|0x0000000706a00000, 0x0000000706a00000, 0x0000000706b00000|  0%| F|  |TAMS 0x0000000706a00000, 0x0000000706a00000| Untracked 
|  33|0x0000000706b00000, 0x0000000706b00000, 0x0000000706c00000|  0%| F|  |TAMS 0x0000000706b00000, 0x0000000706b00000| Untracked 
|  34|0x0000000706c00000, 0x0000000706c00000, 0x0000000706d00000|  0%| F|  |TAMS 0x0000000706c00000, 0x0000000706c00000| Untracked 
|  35|0x0000000706d00000, 0x0000000706d00000, 0x0000000706e00000|  0%| F|  |TAMS 0x0000000706d00000, 0x0000000706d00000| Untracked 
|  36|0x0000000706e00000, 0x0000000706e00000, 0x0000000706f00000|  0%| F|  |TAMS 0x0000000706e00000, 0x0000000706e00000| Untracked 
|  37|0x0000000706f00000, 0x0000000706f00000, 0x0000000707000000|  0%| F|  |TAMS 0x0000000706f00000, 0x0000000706f00000| Untracked 
|  38|0x0000000707000000, 0x0000000707000000, 0x0000000707100000|  0%| F|  |TAMS 0x0000000707000000, 0x0000000707000000| Untracked 
|  39|0x0000000707100000, 0x0000000707100000, 0x0000000707200000|  0%| F|  |TAMS 0x0000000707100000, 0x0000000707100000| Untracked 
|  40|0x0000000707200000, 0x0000000707200000, 0x0000000707300000|  0%| F|  |TAMS 0x0000000707200000, 0x0000000707200000| Untracked 
|  41|0x0000000707300000, 0x0000000707300000, 0x0000000707400000|  0%| F|  |TAMS 0x0000000707300000, 0x0000000707300000| Untracked 
|  42|0x0000000707400000, 0x0000000707400000, 0x0000000707500000|  0%| F|  |TAMS 0x0000000707400000, 0x0000000707400000| Untracked 
|  43|0x0000000707500000, 0x0000000707500000, 0x0000000707600000|  0%| F|  |TAMS 0x0000000707500000, 0x0000000707500000| Untracked 
|  44|0x0000000707600000, 0x0000000707600000, 0x0000000707700000|  0%| F|  |TAMS 0x0000000707600000, 0x0000000707600000| Untracked 
|  45|0x0000000707700000, 0x0000000707700000, 0x0000000707800000|  0%| F|  |TAMS 0x0000000707700000, 0x0000000707700000| Untracked 
|  46|0x0000000707800000, 0x0000000707800000, 0x0000000707900000|  0%| F|  |TAMS 0x0000000707800000, 0x0000000707800000| Untracked 
|  47|0x0000000707900000, 0x0000000707900000, 0x0000000707a00000|  0%| F|  |TAMS 0x0000000707900000, 0x0000000707900000| Untracked 
|  48|0x0000000707a00000, 0x0000000707a00000, 0x0000000707b00000|  0%| F|  |TAMS 0x0000000707a00000, 0x0000000707a00000| Untracked 
|  49|0x0000000707b00000, 0x0000000707b00000, 0x0000000707c00000|  0%| F|  |TAMS 0x0000000707b00000, 0x0000000707b00000| Untracked 
|  50|0x0000000707c00000, 0x0000000707c00000, 0x0000000707d00000|  0%| F|  |TAMS 0x0000000707c00000, 0x0000000707c00000| Untracked 
|  51|0x0000000707d00000, 0x0000000707d00000, 0x0000000707e00000|  0%| F|  |TAMS 0x0000000707d00000, 0x0000000707d00000| Untracked 
|  52|0x0000000707e00000, 0x0000000707e00000, 0x0000000707f00000|  0%| F|  |TAMS 0x0000000707e00000, 0x0000000707e00000| Untracked 
|  53|0x0000000707f00000, 0x0000000707f00000, 0x0000000708000000|  0%| F|  |TAMS 0x0000000707f00000, 0x0000000707f00000| Untracked 
|  54|0x0000000708000000, 0x0000000708000000, 0x0000000708100000|  0%| F|  |TAMS 0x0000000708000000, 0x0000000708000000| Untracked 
|  55|0x0000000708100000, 0x0000000708100000, 0x0000000708200000|  0%| F|  |TAMS 0x0000000708100000, 0x0000000708100000| Untracked 
|  56|0x0000000708200000, 0x0000000708200000, 0x0000000708300000|  0%| F|  |TAMS 0x0000000708200000, 0x0000000708200000| Untracked 
|  57|0x0000000708300000, 0x0000000708300000, 0x0000000708400000|  0%| F|  |TAMS 0x0000000708300000, 0x0000000708300000| Untracked 
|  58|0x0000000708400000, 0x0000000708400000, 0x0000000708500000|  0%| F|  |TAMS 0x0000000708400000, 0x0000000708400000| Untracked 
|  59|0x0000000708500000, 0x0000000708500000, 0x0000000708600000|  0%| F|  |TAMS 0x0000000708500000, 0x0000000708500000| Untracked 
|  60|0x0000000708600000, 0x0000000708600000, 0x0000000708700000|  0%| F|  |TAMS 0x0000000708600000, 0x0000000708600000| Untracked 
|  61|0x0000000708700000, 0x0000000708700000, 0x0000000708800000|  0%| F|  |TAMS 0x0000000708700000, 0x0000000708700000| Untracked 
|  62|0x0000000708800000, 0x0000000708800000, 0x0000000708900000|  0%| F|  |TAMS 0x0000000708800000, 0x0000000708800000| Untracked 
|  63|0x0000000708900000, 0x0000000708900000, 0x0000000708a00000|  0%| F|  |TAMS 0x0000000708900000, 0x0000000708900000| Untracked 
|  64|0x0000000708a00000, 0x0000000708a00000, 0x0000000708b00000|  0%| F|  |TAMS 0x0000000708a00000, 0x0000000708a00000| Untracked 
|  65|0x0000000708b00000, 0x0000000708b00000, 0x0000000708c00000|  0%| F|  |TAMS 0x0000000708b00000, 0x0000000708b00000| Untracked 
|  66|0x0000000708c00000, 0x0000000708c00000, 0x0000000708d00000|  0%| F|  |TAMS 0x0000000708c00000, 0x0000000708c00000| Untracked 
|  67|0x0000000708d00000, 0x0000000708d00000, 0x0000000708e00000|  0%| F|  |TAMS 0x0000000708d00000, 0x0000000708d00000| Untracked 
|  68|0x0000000708e00000, 0x0000000708e00000, 0x0000000708f00000|  0%| F|  |TAMS 0x0000000708e00000, 0x0000000708e00000| Untracked 
|  69|0x0000000708f00000, 0x0000000708f00000, 0x0000000709000000|  0%| F|  |TAMS 0x0000000708f00000, 0x0000000708f00000| Untracked 
|  70|0x0000000709000000, 0x0000000709000000, 0x0000000709100000|  0%| F|  |TAMS 0x0000000709000000, 0x0000000709000000| Untracked 
|  71|0x0000000709100000, 0x0000000709100000, 0x0000000709200000|  0%| F|  |TAMS 0x0000000709100000, 0x0000000709100000| Untracked 
|  72|0x0000000709200000, 0x0000000709200000, 0x0000000709300000|  0%| F|  |TAMS 0x0000000709200000, 0x0000000709200000| Untracked 
|  73|0x0000000709300000, 0x0000000709300000, 0x0000000709400000|  0%| F|  |TAMS 0x0000000709300000, 0x0000000709300000| Untracked 
|  74|0x0000000709400000, 0x0000000709400000, 0x0000000709500000|  0%| F|  |TAMS 0x0000000709400000, 0x0000000709400000| Untracked 
|  75|0x0000000709500000, 0x0000000709500000, 0x0000000709600000|  0%| F|  |TAMS 0x0000000709500000, 0x0000000709500000| Untracked 
|  76|0x0000000709600000, 0x0000000709600000, 0x0000000709700000|  0%| F|  |TAMS 0x0000000709600000, 0x0000000709600000| Untracked 
|  77|0x0000000709700000, 0x0000000709700000, 0x0000000709800000|  0%| F|  |TAMS 0x0000000709700000, 0x0000000709700000| Untracked 
|  78|0x0000000709800000, 0x0000000709800000, 0x0000000709900000|  0%| F|  |TAMS 0x0000000709800000, 0x0000000709800000| Untracked 
|  79|0x0000000709900000, 0x0000000709900000, 0x0000000709a00000|  0%| F|  |TAMS 0x0000000709900000, 0x0000000709900000| Untracked 
|  80|0x0000000709a00000, 0x0000000709a00000, 0x0000000709b00000|  0%| F|  |TAMS 0x0000000709a00000, 0x0000000709a00000| Untracked 
|  81|0x0000000709b00000, 0x0000000709b00000, 0x0000000709c00000|  0%| F|  |TAMS 0x0000000709b00000, 0x0000000709b00000| Untracked 
|  82|0x0000000709c00000, 0x0000000709c00000, 0x0000000709d00000|  0%| F|  |TAMS 0x0000000709c00000, 0x0000000709c00000| Untracked 
|  83|0x0000000709d00000, 0x0000000709d00000, 0x0000000709e00000|  0%| F|  |TAMS 0x0000000709d00000, 0x0000000709d00000| Untracked 
|  84|0x0000000709e00000, 0x0000000709e00000, 0x0000000709f00000|  0%| F|  |TAMS 0x0000000709e00000, 0x0000000709e00000| Untracked 
|  85|0x0000000709f00000, 0x0000000709f00000, 0x000000070a000000|  0%| F|  |TAMS 0x0000000709f00000, 0x0000000709f00000| Untracked 
|  86|0x000000070a000000, 0x000000070a000000, 0x000000070a100000|  0%| F|  |TAMS 0x000000070a000000, 0x000000070a000000| Untracked 
|  87|0x000000070a100000, 0x000000070a100000, 0x000000070a200000|  0%| F|  |TAMS 0x000000070a100000, 0x000000070a100000| Untracked 
|  88|0x000000070a200000, 0x000000070a200000, 0x000000070a300000|  0%| F|  |TAMS 0x000000070a200000, 0x000000070a200000| Untracked 
|  89|0x000000070a300000, 0x000000070a300000, 0x000000070a400000|  0%| F|  |TAMS 0x000000070a300000, 0x000000070a300000| Untracked 
|  90|0x000000070a400000, 0x000000070a400000, 0x000000070a500000|  0%| F|  |TAMS 0x000000070a400000, 0x000000070a400000| Untracked 
|  91|0x000000070a500000, 0x000000070a500000, 0x000000070a600000|  0%| F|  |TAMS 0x000000070a500000, 0x000000070a500000| Untracked 
|  92|0x000000070a600000, 0x000000070a600000, 0x000000070a700000|  0%| F|  |TAMS 0x000000070a600000, 0x000000070a600000| Untracked 
|  93|0x000000070a700000, 0x000000070a700000, 0x000000070a800000|  0%| F|  |TAMS 0x000000070a700000, 0x000000070a700000| Untracked 
|  94|0x000000070a800000, 0x000000070a800000, 0x000000070a900000|  0%| F|  |TAMS 0x000000070a800000, 0x000000070a800000| Untracked 
|  95|0x000000070a900000, 0x000000070a900000, 0x000000070aa00000|  0%| F|  |TAMS 0x000000070a900000, 0x000000070a900000| Untracked 
|  96|0x000000070aa00000, 0x000000070aa00000, 0x000000070ab00000|  0%| F|  |TAMS 0x000000070aa00000, 0x000000070aa00000| Untracked 
|  97|0x000000070ab00000, 0x000000070ab00000, 0x000000070ac00000|  0%| F|  |TAMS 0x000000070ab00000, 0x000000070ab00000| Untracked 
|  98|0x000000070ac00000, 0x000000070ac00000, 0x000000070ad00000|  0%| F|  |TAMS 0x000000070ac00000, 0x000000070ac00000| Untracked 
|  99|0x000000070ad00000, 0x000000070ad00000, 0x000000070ae00000|  0%| F|  |TAMS 0x000000070ad00000, 0x000000070ad00000| Untracked 
| 100|0x000000070ae00000, 0x000000070ae00000, 0x000000070af00000|  0%| F|  |TAMS 0x000000070ae00000, 0x000000070ae00000| Untracked 
| 101|0x000000070af00000, 0x000000070af00000, 0x000000070b000000|  0%| F|  |TAMS 0x000000070af00000, 0x000000070af00000| Untracked 
| 102|0x000000070b000000, 0x000000070b000000, 0x000000070b100000|  0%| F|  |TAMS 0x000000070b000000, 0x000000070b000000| Untracked 
| 103|0x000000070b100000, 0x000000070b100000, 0x000000070b200000|  0%| F|  |TAMS 0x000000070b100000, 0x000000070b100000| Untracked 
| 104|0x000000070b200000, 0x000000070b200000, 0x000000070b300000|  0%| F|  |TAMS 0x000000070b200000, 0x000000070b200000| Untracked 
| 105|0x000000070b300000, 0x000000070b300000, 0x000000070b400000|  0%| F|  |TAMS 0x000000070b300000, 0x000000070b300000| Untracked 
| 106|0x000000070b400000, 0x000000070b400000, 0x000000070b500000|  0%| F|  |TAMS 0x000000070b400000, 0x000000070b400000| Untracked 
| 107|0x000000070b500000, 0x000000070b500000, 0x000000070b600000|  0%| F|  |TAMS 0x000000070b500000, 0x000000070b500000| Untracked 
| 108|0x000000070b600000, 0x000000070b600000, 0x000000070b700000|  0%| F|  |TAMS 0x000000070b600000, 0x000000070b600000| Untracked 
| 109|0x000000070b700000, 0x000000070b700000, 0x000000070b800000|  0%| F|  |TAMS 0x000000070b700000, 0x000000070b700000| Untracked 
| 110|0x000000070b800000, 0x000000070b800000, 0x000000070b900000|  0%| F|  |TAMS 0x000000070b800000, 0x000000070b800000| Untracked 
| 111|0x000000070b900000, 0x000000070b900000, 0x000000070ba00000|  0%| F|  |TAMS 0x000000070b900000, 0x000000070b900000| Untracked 
| 112|0x000000070ba00000, 0x000000070ba00000, 0x000000070bb00000|  0%| F|  |TAMS 0x000000070ba00000, 0x000000070ba00000| Untracked 
| 113|0x000000070bb00000, 0x000000070bb00000, 0x000000070bc00000|  0%| F|  |TAMS 0x000000070bb00000, 0x000000070bb00000| Untracked 
| 114|0x000000070bc00000, 0x000000070bc00000, 0x000000070bd00000|  0%| F|  |TAMS 0x000000070bc00000, 0x000000070bc00000| Untracked 
| 115|0x000000070bd00000, 0x000000070bd00000, 0x000000070be00000|  0%| F|  |TAMS 0x000000070bd00000, 0x000000070bd00000| Untracked 
| 116|0x000000070be00000, 0x000000070be00000, 0x000000070bf00000|  0%| F|  |TAMS 0x000000070be00000, 0x000000070be00000| Untracked 
| 117|0x000000070bf00000, 0x000000070bf00000, 0x000000070c000000|  0%| F|  |TAMS 0x000000070bf00000, 0x000000070bf00000| Untracked 
| 118|0x000000070c000000, 0x000000070c000000, 0x000000070c100000|  0%| F|  |TAMS 0x000000070c000000, 0x000000070c000000| Untracked 
| 119|0x000000070c100000, 0x000000070c100000, 0x000000070c200000|  0%| F|  |TAMS 0x000000070c100000, 0x000000070c100000| Untracked 
| 120|0x000000070c200000, 0x000000070c200000, 0x000000070c300000|  0%| F|  |TAMS 0x000000070c200000, 0x000000070c200000| Untracked 
| 121|0x000000070c300000, 0x000000070c300000, 0x000000070c400000|  0%| F|  |TAMS 0x000000070c300000, 0x000000070c300000| Untracked 
| 122|0x000000070c400000, 0x000000070c400000, 0x000000070c500000|  0%| F|  |TAMS 0x000000070c400000, 0x000000070c400000| Untracked 
| 123|0x000000070c500000, 0x000000070c500000, 0x000000070c600000|  0%| F|  |TAMS 0x000000070c500000, 0x000000070c500000| Untracked 
| 124|0x000000070c600000, 0x000000070c600000, 0x000000070c700000|  0%| F|  |TAMS 0x000000070c600000, 0x000000070c600000| Untracked 
| 125|0x000000070c700000, 0x000000070c700000, 0x000000070c800000|  0%| F|  |TAMS 0x000000070c700000, 0x000000070c700000| Untracked 
| 126|0x000000070c800000, 0x000000070c800000, 0x000000070c900000|  0%| F|  |TAMS 0x000000070c800000, 0x000000070c800000| Untracked 
| 127|0x000000070c900000, 0x000000070c900000, 0x000000070ca00000|  0%| F|  |TAMS 0x000000070c900000, 0x000000070c900000| Untracked 
| 128|0x000000070ca00000, 0x000000070ca00000, 0x000000070cb00000|  0%| F|  |TAMS 0x000000070ca00000, 0x000000070ca00000| Untracked 
| 129|0x000000070cb00000, 0x000000070cb00000, 0x000000070cc00000|  0%| F|  |TAMS 0x000000070cb00000, 0x000000070cb00000| Untracked 
| 130|0x000000070cc00000, 0x000000070cc00000, 0x000000070cd00000|  0%| F|  |TAMS 0x000000070cc00000, 0x000000070cc00000| Untracked 
| 131|0x000000070cd00000, 0x000000070cd00000, 0x000000070ce00000|  0%| F|  |TAMS 0x000000070cd00000, 0x000000070cd00000| Untracked 
| 132|0x000000070ce00000, 0x000000070ce00000, 0x000000070cf00000|  0%| F|  |TAMS 0x000000070ce00000, 0x000000070ce00000| Untracked 
| 133|0x000000070cf00000, 0x000000070cf00000, 0x000000070d000000|  0%| F|  |TAMS 0x000000070cf00000, 0x000000070cf00000| Untracked 
| 134|0x000000070d000000, 0x000000070d000000, 0x000000070d100000|  0%| F|  |TAMS 0x000000070d000000, 0x000000070d000000| Untracked 
| 135|0x000000070d100000, 0x000000070d100000, 0x000000070d200000|  0%| F|  |TAMS 0x000000070d100000, 0x000000070d100000| Untracked 
| 136|0x000000070d200000, 0x000000070d200000, 0x000000070d300000|  0%| F|  |TAMS 0x000000070d200000, 0x000000070d200000| Untracked 
| 137|0x000000070d300000, 0x000000070d300000, 0x000000070d400000|  0%| F|  |TAMS 0x000000070d300000, 0x000000070d300000| Untracked 
| 138|0x000000070d400000, 0x000000070d400000, 0x000000070d500000|  0%| F|  |TAMS 0x000000070d400000, 0x000000070d400000| Untracked 
| 139|0x000000070d500000, 0x000000070d500000, 0x000000070d600000|  0%| F|  |TAMS 0x000000070d500000, 0x000000070d500000| Untracked 
| 140|0x000000070d600000, 0x000000070d600000, 0x000000070d700000|  0%| F|  |TAMS 0x000000070d600000, 0x000000070d600000| Untracked 
| 141|0x000000070d700000, 0x000000070d700000, 0x000000070d800000|  0%| F|  |TAMS 0x000000070d700000, 0x000000070d700000| Untracked 
| 142|0x000000070d800000, 0x000000070d800000, 0x000000070d900000|  0%| F|  |TAMS 0x000000070d800000, 0x000000070d800000| Untracked 
| 143|0x000000070d900000, 0x000000070d900000, 0x000000070da00000|  0%| F|  |TAMS 0x000000070d900000, 0x000000070d900000| Untracked 
| 144|0x000000070da00000, 0x000000070da00000, 0x000000070db00000|  0%| F|  |TAMS 0x000000070da00000, 0x000000070da00000| Untracked 
| 145|0x000000070db00000, 0x000000070db00000, 0x000000070dc00000|  0%| F|  |TAMS 0x000000070db00000, 0x000000070db00000| Untracked 
| 146|0x000000070dc00000, 0x000000070dc00000, 0x000000070dd00000|  0%| F|  |TAMS 0x000000070dc00000, 0x000000070dc00000| Untracked 
| 147|0x000000070dd00000, 0x000000070dd00000, 0x000000070de00000|  0%| F|  |TAMS 0x000000070dd00000, 0x000000070dd00000| Untracked 
| 148|0x000000070de00000, 0x000000070de00000, 0x000000070df00000|  0%| F|  |TAMS 0x000000070de00000, 0x000000070de00000| Untracked 
| 149|0x000000070df00000, 0x000000070df00000, 0x000000070e000000|  0%| F|  |TAMS 0x000000070df00000, 0x000000070df00000| Untracked 
| 150|0x000000070e000000, 0x000000070e000000, 0x000000070e100000|  0%| F|  |TAMS 0x000000070e000000, 0x000000070e000000| Untracked 
| 151|0x000000070e100000, 0x000000070e100000, 0x000000070e200000|  0%| F|  |TAMS 0x000000070e100000, 0x000000070e100000| Untracked 
| 152|0x000000070e200000, 0x000000070e200000, 0x000000070e300000|  0%| F|  |TAMS 0x000000070e200000, 0x000000070e200000| Untracked 
| 153|0x000000070e300000, 0x000000070e300000, 0x000000070e400000|  0%| F|  |TAMS 0x000000070e300000, 0x000000070e300000| Untracked 
| 154|0x000000070e400000, 0x000000070e400000, 0x000000070e500000|  0%| F|  |TAMS 0x000000070e400000, 0x000000070e400000| Untracked 
| 155|0x000000070e500000, 0x000000070e500000, 0x000000070e600000|  0%| F|  |TAMS 0x000000070e500000, 0x000000070e500000| Untracked 
| 156|0x000000070e600000, 0x000000070e600000, 0x000000070e700000|  0%| F|  |TAMS 0x000000070e600000, 0x000000070e600000| Untracked 
| 157|0x000000070e700000, 0x000000070e700000, 0x000000070e800000|  0%| F|  |TAMS 0x000000070e700000, 0x000000070e700000| Untracked 
| 158|0x000000070e800000, 0x000000070e800000, 0x000000070e900000|  0%| F|  |TAMS 0x000000070e800000, 0x000000070e800000| Untracked 
| 159|0x000000070e900000, 0x000000070e900000, 0x000000070ea00000|  0%| F|  |TAMS 0x000000070e900000, 0x000000070e900000| Untracked 
| 160|0x000000070ea00000, 0x000000070ea00000, 0x000000070eb00000|  0%| F|  |TAMS 0x000000070ea00000, 0x000000070ea00000| Untracked 
| 161|0x000000070eb00000, 0x000000070eb00000, 0x000000070ec00000|  0%| F|  |TAMS 0x000000070eb00000, 0x000000070eb00000| Untracked 
| 162|0x000000070ec00000, 0x000000070ec00000, 0x000000070ed00000|  0%| F|  |TAMS 0x000000070ec00000, 0x000000070ec00000| Untracked 
| 163|0x000000070ed00000, 0x000000070ed00000, 0x000000070ee00000|  0%| F|  |TAMS 0x000000070ed00000, 0x000000070ed00000| Untracked 
| 164|0x000000070ee00000, 0x000000070ee00000, 0x000000070ef00000|  0%| F|  |TAMS 0x000000070ee00000, 0x000000070ee00000| Untracked 
| 165|0x000000070ef00000, 0x000000070ef00000, 0x000000070f000000|  0%| F|  |TAMS 0x000000070ef00000, 0x000000070ef00000| Untracked 
| 166|0x000000070f000000, 0x000000070f000000, 0x000000070f100000|  0%| F|  |TAMS 0x000000070f000000, 0x000000070f000000| Untracked 
| 167|0x000000070f100000, 0x000000070f100000, 0x000000070f200000|  0%| F|  |TAMS 0x000000070f100000, 0x000000070f100000| Untracked 
| 168|0x000000070f200000, 0x000000070f200000, 0x000000070f300000|  0%| F|  |TAMS 0x000000070f200000, 0x000000070f200000| Untracked 
| 169|0x000000070f300000, 0x000000070f300000, 0x000000070f400000|  0%| F|  |TAMS 0x000000070f300000, 0x000000070f300000| Untracked 
| 170|0x000000070f400000, 0x000000070f400000, 0x000000070f500000|  0%| F|  |TAMS 0x000000070f400000, 0x000000070f400000| Untracked 
| 171|0x000000070f500000, 0x000000070f500000, 0x000000070f600000|  0%| F|  |TAMS 0x000000070f500000, 0x000000070f500000| Untracked 
| 172|0x000000070f600000, 0x000000070f600000, 0x000000070f700000|  0%| F|  |TAMS 0x000000070f600000, 0x000000070f600000| Untracked 
| 173|0x000000070f700000, 0x000000070f700000, 0x000000070f800000|  0%| F|  |TAMS 0x000000070f700000, 0x000000070f700000| Untracked 
| 174|0x000000070f800000, 0x000000070f800000, 0x000000070f900000|  0%| F|  |TAMS 0x000000070f800000, 0x000000070f800000| Untracked 
| 175|0x000000070f900000, 0x000000070f900000, 0x000000070fa00000|  0%| F|  |TAMS 0x000000070f900000, 0x000000070f900000| Untracked 
| 176|0x000000070fa00000, 0x000000070fa00000, 0x000000070fb00000|  0%| F|  |TAMS 0x000000070fa00000, 0x000000070fa00000| Untracked 
| 177|0x000000070fb00000, 0x000000070fb00000, 0x000000070fc00000|  0%| F|  |TAMS 0x000000070fb00000, 0x000000070fb00000| Untracked 
| 178|0x000000070fc00000, 0x000000070fc00000, 0x000000070fd00000|  0%| F|  |TAMS 0x000000070fc00000, 0x000000070fc00000| Untracked 
| 179|0x000000070fd00000, 0x000000070fd00000, 0x000000070fe00000|  0%| F|  |TAMS 0x000000070fd00000, 0x000000070fd00000| Untracked 
| 180|0x000000070fe00000, 0x000000070fe00000, 0x000000070ff00000|  0%| F|  |TAMS 0x000000070fe00000, 0x000000070fe00000| Untracked 
| 181|0x000000070ff00000, 0x000000070ff00000, 0x0000000710000000|  0%| F|  |TAMS 0x000000070ff00000, 0x000000070ff00000| Untracked 
| 182|0x0000000710000000, 0x0000000710000000, 0x0000000710100000|  0%| F|  |TAMS 0x0000000710000000, 0x0000000710000000| Untracked 
| 183|0x0000000710100000, 0x0000000710100000, 0x0000000710200000|  0%| F|  |TAMS 0x0000000710100000, 0x0000000710100000| Untracked 
| 184|0x0000000710200000, 0x0000000710200000, 0x0000000710300000|  0%| F|  |TAMS 0x0000000710200000, 0x0000000710200000| Untracked 
| 185|0x0000000710300000, 0x0000000710300000, 0x0000000710400000|  0%| F|  |TAMS 0x0000000710300000, 0x0000000710300000| Untracked 
| 186|0x0000000710400000, 0x0000000710400000, 0x0000000710500000|  0%| F|  |TAMS 0x0000000710400000, 0x0000000710400000| Untracked 
| 187|0x0000000710500000, 0x0000000710500000, 0x0000000710600000|  0%| F|  |TAMS 0x0000000710500000, 0x0000000710500000| Untracked 
| 188|0x0000000710600000, 0x0000000710600000, 0x0000000710700000|  0%| F|  |TAMS 0x0000000710600000, 0x0000000710600000| Untracked 
| 189|0x0000000710700000, 0x0000000710700000, 0x0000000710800000|  0%| F|  |TAMS 0x0000000710700000, 0x0000000710700000| Untracked 
| 190|0x0000000710800000, 0x0000000710800000, 0x0000000710900000|  0%| F|  |TAMS 0x0000000710800000, 0x0000000710800000| Untracked 
| 191|0x0000000710900000, 0x0000000710900000, 0x0000000710a00000|  0%| F|  |TAMS 0x0000000710900000, 0x0000000710900000| Untracked 
| 192|0x0000000710a00000, 0x0000000710a00000, 0x0000000710b00000|  0%| F|  |TAMS 0x0000000710a00000, 0x0000000710a00000| Untracked 
| 193|0x0000000710b00000, 0x0000000710b00000, 0x0000000710c00000|  0%| F|  |TAMS 0x0000000710b00000, 0x0000000710b00000| Untracked 
| 194|0x0000000710c00000, 0x0000000710c00000, 0x0000000710d00000|  0%| F|  |TAMS 0x0000000710c00000, 0x0000000710c00000| Untracked 
| 195|0x0000000710d00000, 0x0000000710d00000, 0x0000000710e00000|  0%| F|  |TAMS 0x0000000710d00000, 0x0000000710d00000| Untracked 
| 196|0x0000000710e00000, 0x0000000710e00000, 0x0000000710f00000|  0%| F|  |TAMS 0x0000000710e00000, 0x0000000710e00000| Untracked 
| 197|0x0000000710f00000, 0x0000000710f00000, 0x0000000711000000|  0%| F|  |TAMS 0x0000000710f00000, 0x0000000710f00000| Untracked 
| 198|0x0000000711000000, 0x0000000711000000, 0x0000000711100000|  0%| F|  |TAMS 0x0000000711000000, 0x0000000711000000| Untracked 
| 199|0x0000000711100000, 0x0000000711100000, 0x0000000711200000|  0%| F|  |TAMS 0x0000000711100000, 0x0000000711100000| Untracked 
| 200|0x0000000711200000, 0x0000000711200000, 0x0000000711300000|  0%| F|  |TAMS 0x0000000711200000, 0x0000000711200000| Untracked 
| 201|0x0000000711300000, 0x000000071132a180, 0x0000000711400000| 16%| S|CS|TAMS 0x0000000711300000, 0x0000000711300000| Complete 
| 202|0x0000000711400000, 0x0000000711500000, 0x0000000711500000|100%| S|CS|TAMS 0x0000000711400000, 0x0000000711400000| Complete 
| 203|0x0000000711500000, 0x0000000711600000, 0x0000000711600000|100%| S|CS|TAMS 0x0000000711500000, 0x0000000711500000| Complete 
| 204|0x0000000711600000, 0x0000000711700000, 0x0000000711700000|100%| S|CS|TAMS 0x0000000711600000, 0x0000000711600000| Complete 
| 205|0x0000000711700000, 0x0000000711700000, 0x0000000711800000|  0%| F|  |TAMS 0x0000000711700000, 0x0000000711700000| Untracked 
| 206|0x0000000711800000, 0x0000000711800000, 0x0000000711900000|  0%| F|  |TAMS 0x0000000711800000, 0x0000000711800000| Untracked 
| 207|0x0000000711900000, 0x0000000711900000, 0x0000000711a00000|  0%| F|  |TAMS 0x0000000711900000, 0x0000000711900000| Untracked 
| 208|0x0000000711a00000, 0x0000000711a00000, 0x0000000711b00000|  0%| F|  |TAMS 0x0000000711a00000, 0x0000000711a00000| Untracked 
| 209|0x0000000711b00000, 0x0000000711b00000, 0x0000000711c00000|  0%| F|  |TAMS 0x0000000711b00000, 0x0000000711b00000| Untracked 
| 210|0x0000000711c00000, 0x0000000711c00000, 0x0000000711d00000|  0%| F|  |TAMS 0x0000000711c00000, 0x0000000711c00000| Untracked 
| 211|0x0000000711d00000, 0x0000000711d00000, 0x0000000711e00000|  0%| F|  |TAMS 0x0000000711d00000, 0x0000000711d00000| Untracked 
| 212|0x0000000711e00000, 0x0000000711e00000, 0x0000000711f00000|  0%| F|  |TAMS 0x0000000711e00000, 0x0000000711e00000| Untracked 
| 213|0x0000000711f00000, 0x0000000711f00000, 0x0000000712000000|  0%| F|  |TAMS 0x0000000711f00000, 0x0000000711f00000| Untracked 
| 214|0x0000000712000000, 0x0000000712000000, 0x0000000712100000|  0%| F|  |TAMS 0x0000000712000000, 0x0000000712000000| Untracked 
| 215|0x0000000712100000, 0x0000000712100000, 0x0000000712200000|  0%| F|  |TAMS 0x0000000712100000, 0x0000000712100000| Untracked 
| 216|0x0000000712200000, 0x0000000712200000, 0x0000000712300000|  0%| F|  |TAMS 0x0000000712200000, 0x0000000712200000| Untracked 
| 217|0x0000000712300000, 0x0000000712300000, 0x0000000712400000|  0%| F|  |TAMS 0x0000000712300000, 0x0000000712300000| Untracked 
| 218|0x0000000712400000, 0x0000000712400000, 0x0000000712500000|  0%| F|  |TAMS 0x0000000712400000, 0x0000000712400000| Untracked 
| 219|0x0000000712500000, 0x0000000712500000, 0x0000000712600000|  0%| F|  |TAMS 0x0000000712500000, 0x0000000712500000| Untracked 
| 220|0x0000000712600000, 0x0000000712600000, 0x0000000712700000|  0%| F|  |TAMS 0x0000000712600000, 0x0000000712600000| Untracked 
| 221|0x0000000712700000, 0x0000000712700000, 0x0000000712800000|  0%| F|  |TAMS 0x0000000712700000, 0x0000000712700000| Untracked 
| 222|0x0000000712800000, 0x0000000712800000, 0x0000000712900000|  0%| F|  |TAMS 0x0000000712800000, 0x0000000712800000| Untracked 
| 223|0x0000000712900000, 0x0000000712900000, 0x0000000712a00000|  0%| F|  |TAMS 0x0000000712900000, 0x0000000712900000| Untracked 
| 224|0x0000000712a00000, 0x0000000712aa0aa0, 0x0000000712b00000| 62%| E|  |TAMS 0x0000000712a00000, 0x0000000712a00000| Complete 
| 225|0x0000000712b00000, 0x0000000712c00000, 0x0000000712c00000|100%| E|CS|TAMS 0x0000000712b00000, 0x0000000712b00000| Complete 
| 226|0x0000000712c00000, 0x0000000712d00000, 0x0000000712d00000|100%| E|CS|TAMS 0x0000000712c00000, 0x0000000712c00000| Complete 
| 227|0x0000000712d00000, 0x0000000712e00000, 0x0000000712e00000|100%| E|CS|TAMS 0x0000000712d00000, 0x0000000712d00000| Complete 
| 228|0x0000000712e00000, 0x0000000712f00000, 0x0000000712f00000|100%| E|CS|TAMS 0x0000000712e00000, 0x0000000712e00000| Complete 
| 229|0x0000000712f00000, 0x0000000713000000, 0x0000000713000000|100%| E|CS|TAMS 0x0000000712f00000, 0x0000000712f00000| Complete 
| 230|0x0000000713000000, 0x0000000713100000, 0x0000000713100000|100%| E|CS|TAMS 0x0000000713000000, 0x0000000713000000| Complete 
| 231|0x0000000713100000, 0x0000000713200000, 0x0000000713200000|100%| E|CS|TAMS 0x0000000713100000, 0x0000000713100000| Complete 
| 232|0x0000000713200000, 0x0000000713300000, 0x0000000713300000|100%| E|CS|TAMS 0x0000000713200000, 0x0000000713200000| Complete 
| 233|0x0000000713300000, 0x0000000713400000, 0x0000000713400000|100%| E|CS|TAMS 0x0000000713300000, 0x0000000713300000| Complete 
| 234|0x0000000713400000, 0x0000000713500000, 0x0000000713500000|100%| E|CS|TAMS 0x0000000713400000, 0x0000000713400000| Complete 
| 235|0x0000000713500000, 0x0000000713600000, 0x0000000713600000|100%| E|CS|TAMS 0x0000000713500000, 0x0000000713500000| Complete 
| 236|0x0000000713600000, 0x0000000713700000, 0x0000000713700000|100%| E|CS|TAMS 0x0000000713600000, 0x0000000713600000| Complete 
| 237|0x0000000713700000, 0x0000000713800000, 0x0000000713800000|100%| E|CS|TAMS 0x0000000713700000, 0x0000000713700000| Complete 
| 238|0x0000000713800000, 0x0000000713900000, 0x0000000713900000|100%| E|CS|TAMS 0x0000000713800000, 0x0000000713800000| Complete 
| 239|0x0000000713900000, 0x0000000713a00000, 0x0000000713a00000|100%| E|CS|TAMS 0x0000000713900000, 0x0000000713900000| Complete 
| 240|0x0000000713a00000, 0x0000000713b00000, 0x0000000713b00000|100%| E|CS|TAMS 0x0000000713a00000, 0x0000000713a00000| Complete 
| 241|0x0000000713b00000, 0x0000000713c00000, 0x0000000713c00000|100%| E|CS|TAMS 0x0000000713b00000, 0x0000000713b00000| Complete 
| 242|0x0000000713c00000, 0x0000000713d00000, 0x0000000713d00000|100%| E|CS|TAMS 0x0000000713c00000, 0x0000000713c00000| Complete 
| 243|0x0000000713d00000, 0x0000000713e00000, 0x0000000713e00000|100%| E|CS|TAMS 0x0000000713d00000, 0x0000000713d00000| Complete 
| 244|0x0000000713e00000, 0x0000000713f00000, 0x0000000713f00000|100%| E|CS|TAMS 0x0000000713e00000, 0x0000000713e00000| Complete 
| 245|0x0000000713f00000, 0x0000000714000000, 0x0000000714000000|100%| E|CS|TAMS 0x0000000713f00000, 0x0000000713f00000| Complete 
| 246|0x0000000714000000, 0x0000000714100000, 0x0000000714100000|100%| E|CS|TAMS 0x0000000714000000, 0x0000000714000000| Complete 
| 247|0x0000000714100000, 0x0000000714200000, 0x0000000714200000|100%| E|CS|TAMS 0x0000000714100000, 0x0000000714100000| Complete 
| 248|0x0000000714200000, 0x0000000714300000, 0x0000000714300000|100%| E|CS|TAMS 0x0000000714200000, 0x0000000714200000| Complete 
| 249|0x0000000714300000, 0x0000000714400000, 0x0000000714400000|100%| E|CS|TAMS 0x0000000714300000, 0x0000000714300000| Complete 
| 250|0x0000000714400000, 0x0000000714500000, 0x0000000714500000|100%| E|CS|TAMS 0x0000000714400000, 0x0000000714400000| Complete 
| 251|0x0000000714500000, 0x0000000714600000, 0x0000000714600000|100%| E|CS|TAMS 0x0000000714500000, 0x0000000714500000| Complete 

Card table byte_map: [0x000001b76d680000,0x000001b76de60000] _byte_map_base: 0x000001b769e5b000

Marking Bits (Prev, Next): (CMBitMap*) 0x000001b7550b7b08, (CMBitMap*) 0x000001b7550b7b40
 Prev Bits: [0x000001b76e640000, 0x000001b772518000)
 Next Bits: [0x000001b772520000, 0x000001b7763f8000)

Polling page: 0x000001b754ef0000

Metaspace:

Usage:
  Non-class:     16.63 MB capacity,    16.31 MB ( 98%) used,   266.96 KB (  2%) free+waste,    62.50 KB ( <1%) overhead. 
      Class:      2.37 MB capacity,     2.15 MB ( 91%) used,   189.19 KB (  8%) free+waste,    32.13 KB (  1%) overhead. 
       Both:     19.00 MB capacity,    18.46 MB ( 97%) used,   456.15 KB (  2%) free+waste,    94.63 KB ( <1%) overhead. 

Virtual space:
  Non-class space:       18.00 MB reserved,      16.75 MB ( 93%) committed 
      Class space:        1.00 GB reserved,       2.38 MB ( <1%) committed 
             Both:        1.02 GB reserved,      19.13 MB (  2%) committed 

Chunk freelists:
   Non-Class:  7.38 KB
       Class:  640 bytes
        Both:  8.00 KB

CodeHeap 'non-profiled nmethods': size=238336Kb used=2897Kb max_used=2897Kb free=235438Kb
 bounds [0x000001b75db60000, 0x000001b75de40000, 0x000001b76c420000]
CodeHeap 'non-nmethods': size=7424Kb used=1694Kb max_used=1694Kb free=5729Kb
 bounds [0x000001b75d420000, 0x000001b75d690000, 0x000001b75db60000]
 total_blobs=2376 nmethods=1924 adapters=361
 compilation: enabled
              stopped_count=0, restarted_count=0
 full_count=0

Compilation events (10 events):
Event: 5.613 Thread 0x000001b7799e9000 nmethod 1903 0x000001b75de32390 code [0x000001b75de32560, 0x000001b75de327d0]
Event: 5.613 Thread 0x000001b7798aa000 nmethod 1905 0x000001b75de32910 code [0x000001b75de32ac0, 0x000001b75de32c10]
Event: 5.614 Thread 0x000001b7799e9000 1921   !   1       jdk.internal.loader.BuiltinClassLoader$2::run (114 bytes)
Event: 5.614 Thread 0x000001b7798aa000 1922       1       java.util.LinkedHashMap::values (25 bytes)
Event: 5.614 Thread 0x000001b7798aa000 nmethod 1922 0x000001b75de32c90 code [0x000001b75de32e40, 0x000001b75de33078]
Event: 5.614 Thread 0x000001b7798aa000 1923       1       java.util.LinkedHashMap$LinkedValues::iterator (12 bytes)
Event: 5.614 Thread 0x000001b7799e9000 nmethod 1921 0x000001b75de33110 code [0x000001b75de33340, 0x000001b75de33860]
Event: 5.614 Thread 0x000001b7798aa000 nmethod 1923 0x000001b75de33b90 code [0x000001b75de33d40, 0x000001b75de33ff8]
Event: 5.614 Thread 0x000001b7799e9000 1924       1       java.util.LinkedHashMap$LinkedValueIterator::<init> (11 bytes)
Event: 5.614 Thread 0x000001b7799e9000 nmethod 1924 0x000001b75de34110 code [0x000001b75de342c0, 0x000001b75de34558]

GC Heap History (4 events):
Event: 5.327 GC heap before
{Heap before GC invocations=0 (full 0):
 garbage-first heap   total 258048K, used 24576K [0x0000000704a00000, 0x0000000800000000)
  region size 1024K, 24 young (24576K), 0 survivors (0K)
 Metaspace       used 14334K, capacity 14657K, committed 14720K, reserved 1062912K
  class space    used 1526K, capacity 1664K, committed 1664K, reserved 1048576K
}
Event: 5.332 GC heap after
{Heap after GC invocations=1 (full 0):
 garbage-first heap   total 258048K, used 7273K [0x0000000704a00000, 0x0000000800000000)
  region size 1024K, 3 young (3072K), 3 survivors (3072K)
 Metaspace       used 14334K, capacity 14657K, committed 14720K, reserved 1062912K
  class space    used 1526K, capacity 1664K, committed 1664K, reserved 1048576K
}
Event: 5.386 GC heap before
{Heap before GC invocations=1 (full 0):
 garbage-first heap   total 258048K, used 51305K [0x0000000704a00000, 0x0000000800000000)
  region size 1024K, 47 young (48128K), 3 survivors (3072K)
 Metaspace       used 14824K, capacity 15209K, committed 15360K, reserved 1062912K
  class space    used 1590K, capacity 1742K, committed 1792K, reserved 1048576K
}
Event: 5.388 GC heap after
{Heap after GC invocations=2 (full 0):
 garbage-first heap   total 258048K, used 7441K [0x0000000704a00000, 0x0000000800000000)
  region size 1024K, 4 young (4096K), 4 survivors (4096K)
 Metaspace       used 14824K, capacity 15209K, committed 15360K, reserved 1062912K
  class space    used 1590K, capacity 1742K, committed 1792K, reserved 1048576K
}

Deoptimization events (0 events):
No events

Classes redefined (0 events):
No events

Internal exceptions (10 events):
Event: 5.539 Thread 0x000001b77b312800 Exception <a 'java/lang/NoSuchMethodError'{0x0000000713383a38}: java.lang.invoke.Invokers$Holder.linkToTargetMethod(Ljava/lang/Object;Ljava/lang/Object;ILjava/lang/Object;Ljava/lang/Object;)Ljava/lang/Object;> (0x0000000713383a38) thrown at [t:/workspace/
Event: 5.540 Thread 0x000001b77b312800 Exception <a 'java/lang/NoSuchMethodError'{0x0000000713391a40}: java.lang.invoke.DirectMethodHandle$Holder.invokeStatic(Ljava/lang/Object;ILjava/lang/Object;Ljava/lang/Object;)I> (0x0000000713391a40) thrown at [t:/workspace/open/src/hotspot/share/interpre
Event: 5.540 Thread 0x000001b77b312800 Exception <a 'java/lang/NoSuchMethodError'{0x00000007133994c0}: java.lang.invoke.DirectMethodHandle$Holder.invokeSpecialIFC(Ljava/lang/Object;Ljava/lang/Object;Ljava/lang/Object;Ljava/lang/Object;)I> (0x00000007133994c0) thrown at [t:/workspace/open/src/h
Event: 5.565 Thread 0x000001b77b312800 Exception <a 'java/lang/NoSuchMethodError'{0x00000007131ba998}: java.lang.invoke.DirectMethodHandle$Holder.invokeVirtual(Ljava/lang/Object;Ljava/lang/Object;Ljava/lang/Object;)Ljava/lang/Object;> (0x00000007131ba998) thrown at [t:/workspace/open/src/hotsp
Event: 5.571 Thread 0x000001b77b312800 Exception <a 'java/lang/NoSuchMethodError'{0x000000071306a598}: java.lang.invoke.DirectMethodHandle$Holder.invokeSpecialIFC(Ljava/lang/Object;Ljava/lang/Object;I)I> (0x000000071306a598) thrown at [t:/workspace/open/src/hotspot/share/interpreter/linkResolv
Event: 5.575 Thread 0x000001b77b312800 Exception <a 'java/lang/NoSuchMethodError'{0x00000007130ed460}: java.lang.invoke.DirectMethodHandle$Holder.invokeStatic(Ljava/lang/Object;Ljava/lang/Object;I)V> (0x00000007130ed460) thrown at [t:/workspace/open/src/hotspot/share/interpreter/linkResolver.c
Event: 5.576 Thread 0x000001b77b312800 Exception <a 'java/lang/NoSuchMethodError'{0x00000007130f49b8}: java.lang.invoke.DirectMethodHandle$Holder.invokeStaticInit(Ljava/lang/Object;Ljava/lang/Object;)V> (0x00000007130f49b8) thrown at [t:/workspace/open/src/hotspot/share/interpreter/linkResolve
Event: 5.578 Thread 0x000001b77b312800 Exception <a 'java/lang/NoSuchMethodError'{0x0000000712f1f0d8}: java.lang.invoke.DirectMethodHandle$Holder.invokeStaticInit(Ljava/lang/Object;Ljava/lang/Object;Ljava/lang/Object;)V> (0x0000000712f1f0d8) thrown at [t:/workspace/open/src/hotspot/share/inter
Event: 5.589 Thread 0x000001b77b312800 Exception <a 'java/lang/NoSuchMethodError'{0x0000000712ffd410}: java.lang.invoke.DirectMethodHandle$Holder.invokeVirtual(Ljava/lang/Object;Ljava/lang/Object;Ljava/lang/Object;Ljava/lang/Object;)V> (0x0000000712ffd410) thrown at [t:/workspace/open/src/hots
Event: 5.608 Thread 0x000001b77b312800 Exception <a 'java/lang/NoSuchMethodError'{0x0000000712dc20f8}: java.lang.invoke.DirectMethodHandle$Holder.invokeSpecial(Ljava/lang/Object;Ljava/lang/Object;Ljava/lang/Object;Ljava/lang/Object;Ljava/lang/Object;)V> (0x0000000712dc20f8) thrown at [t:/works

Events (10 events):
Event: 5.615 loading class org/springframework/boot/web/reactive/context/AnnotationConfigReactiveWebServerApplicationContext$Factory
Event: 5.615 loading class org/springframework/boot/web/reactive/context/AnnotationConfigReactiveWebServerApplicationContext$Factory done
Event: 5.616 loading class org/springframework/boot/web/servlet/context/AnnotationConfigServletWebServerApplicationContext/Factory
Event: 5.616 loading class org/springframework/boot/web/servlet/context/AnnotationConfigServletWebServerApplicationContext/Factory done
Event: 5.616 loading class org/springframework/boot/web/servlet/context/AnnotationConfigServletWebServerApplicationContext$Factory
Event: 5.616 loading class org/springframework/boot/web/servlet/context/AnnotationConfigServletWebServerApplicationContext$Factory done
Event: 5.616 loading class org/springframework/boot/web/servlet/context/AnnotationConfigServletWebServerApplicationContext
Event: 5.616 loading class org/springframework/boot/web/servlet/context/AnnotationConfigServletWebServerApplicationContext done
Event: 5.617 loading class org/springframework/context/annotation/AnnotationConfigRegistry
Event: 5.617 loading class org/springframework/context/annotation/AnnotationConfigRegistry done


Dynamic libraries:
0x00007ff72f430000 - 0x00007ff72f475000 	C:\Program Files\Oracle\OpenJDK 11.0.1\bin\javaw.exe
0x00007ffed77d0000 - 0x00007ffed79c5000 	C:\Windows\SYSTEM32\ntdll.dll
0x00007ffed5bd0000 - 0x00007ffed5c8d000 	C:\Windows\System32\KERNEL32.DLL
0x00007ffed52c0000 - 0x00007ffed558d000 	C:\Windows\System32\KERNELBASE.dll
0x00007ffed75f0000 - 0x00007ffed7790000 	C:\Windows\System32\USER32.dll
0x00007ffed5290000 - 0x00007ffed52b2000 	C:\Windows\System32\win32u.dll
0x00007ffed7260000 - 0x00007ffed728a000 	C:\Windows\System32\GDI32.dll
0x00007ffed4ee0000 - 0x00007ffed4feb000 	C:\Windows\System32\gdi32full.dll
0x00007ffed5730000 - 0x00007ffed57cd000 	C:\Windows\System32\msvcp_win.dll
0x00007ffed55c0000 - 0x00007ffed56c0000 	C:\Windows\System32\ucrtbase.dll
0x00007ffebea20000 - 0x00007ffebecba000 	C:\Windows\WinSxS\amd64_microsoft.windows.common-controls_6595b64144ccf1df_6.0.19041.1110_none_60b5254171f9507e\COMCTL32.dll
0x00007ffed64e0000 - 0x00007ffed657e000 	C:\Windows\System32\msvcrt.dll
0x00007ffed58c0000 - 0x00007ffed58f0000 	C:\Windows\System32\IMM32.DLL
0x000001b754e60000 - 0x000001b754e74000 	C:\Windows\System32\umppc15103.dll
0x00007ffe73a00000 - 0x00007ffe73aa4000 	C:\Program Files\McAfee\Endpoint Security\Threat Prevention\Ips\EpMPApi.dll
0x00007ffed6580000 - 0x00007ffed66a5000 	C:\Windows\System32\RPCRT4.dll
0x00007ffed6fc0000 - 0x00007ffed706e000 	C:\Windows\System32\ADVAPI32.dll
0x00007ffed5820000 - 0x00007ffed58bc000 	C:\Windows\System32\sechost.dll
0x00007ffed56c0000 - 0x00007ffed5728000 	C:\Windows\System32\WINTRUST.dll
0x00007ffed4ff0000 - 0x00007ffed5146000 	C:\Windows\System32\CRYPT32.dll
0x00007ffed4ad0000 - 0x00007ffed4ae2000 	C:\Windows\SYSTEM32\MSASN1.dll
0x00000000638d0000 - 0x00000000638dc000 	C:\Program Files\McAfee\Endpoint Security\Threat Prevention\Ips\EpMPThe.dll
0x00007ffece5d0000 - 0x00007ffece5e6000 	C:\Program Files\Oracle\OpenJDK 11.0.1\bin\vcruntime140.dll
0x00007ffebbca0000 - 0x00007ffebbd4a000 	C:\Program Files\Oracle\OpenJDK 11.0.1\bin\msvcp140.dll
0x00007ffe8a930000 - 0x00007ffe8b471000 	C:\Program Files\Oracle\OpenJDK 11.0.1\bin\server\jvm.dll
0x00007ffed5d70000 - 0x00007ffed5d78000 	C:\Windows\System32\PSAPI.DLL
0x00007ffecc920000 - 0x00007ffecc929000 	C:\Windows\SYSTEM32\WSOCK32.dll
0x00007ffed6ea0000 - 0x00007ffed6f0b000 	C:\Windows\System32\WS2_32.dll
0x00007ffeb48c0000 - 0x00007ffeb48e7000 	C:\Windows\SYSTEM32\WINMM.dll
0x00007ffec3440000 - 0x00007ffec344a000 	C:\Windows\SYSTEM32\VERSION.dll
0x00007ffed3620000 - 0x00007ffed3632000 	C:\Windows\SYSTEM32\kernel.appcore.dll
0x00007ffecc8b0000 - 0x00007ffecc8c1000 	C:\Program Files\Oracle\OpenJDK 11.0.1\bin\verify.dll
0x00007ffed2750000 - 0x00007ffed2934000 	C:\Windows\SYSTEM32\DBGHELP.DLL
0x00007ffeb8680000 - 0x00007ffeb86ac000 	C:\Windows\SYSTEM32\dbgcore.DLL
0x00007ffed5150000 - 0x00007ffed51d2000 	C:\Windows\System32\bcryptPrimitives.dll
0x00007ffecc560000 - 0x00007ffecc588000 	C:\Program Files\Oracle\OpenJDK 11.0.1\bin\java.dll
0x00007ffec99d0000 - 0x00007ffec99e6000 	C:\Program Files\Oracle\OpenJDK 11.0.1\bin\zip.dll
0x00007ffece5c0000 - 0x00007ffece5ca000 	C:\Program Files\Oracle\OpenJDK 11.0.1\bin\jimage.dll
0x00007ffed5d80000 - 0x00007ffed64c4000 	C:\Windows\System32\SHELL32.dll
0x00007ffed2e70000 - 0x00007ffed3604000 	C:\Windows\SYSTEM32\windows.storage.dll
0x000001b779ca0000 - 0x000001b779ff4000 	C:\Windows\System32\combase.dll
0x00007ffed4940000 - 0x00007ffed496c000 	C:\Windows\SYSTEM32\Wldp.dll
0x00007ffed5b20000 - 0x00007ffed5bcd000 	C:\Windows\System32\SHCORE.dll
0x00007ffed5ac0000 - 0x00007ffed5b15000 	C:\Windows\System32\shlwapi.dll
0x00007ffed4e20000 - 0x00007ffed4e3f000 	C:\Windows\SYSTEM32\profapi.dll
0x00007ffec4f30000 - 0x00007ffec4f49000 	C:\Program Files\Oracle\OpenJDK 11.0.1\bin\net.dll
0x00007ffed3f30000 - 0x00007ffed403a000 	C:\Windows\SYSTEM32\WINHTTP.dll
0x00007ffed46a0000 - 0x00007ffed470a000 	C:\Windows\system32\mswsock.dll
0x00007ffec4f10000 - 0x00007ffec4f23000 	C:\Program Files\Oracle\OpenJDK 11.0.1\bin\nio.dll
0x00007ffecc8a0000 - 0x00007ffecc8a9000 	C:\Program Files\Oracle\OpenJDK 11.0.1\bin\management.dll
0x00007ffec9ba0000 - 0x00007ffec9bac000 	C:\Program Files\Oracle\OpenJDK 11.0.1\bin\management_ext.dll
0x00007ffea1140000 - 0x00007ffea1157000 	C:\Windows\system32\napinsp.dll
0x00007ffe9fd50000 - 0x00007ffe9fd6b000 	C:\Windows\system32\pnrpnsp.dll
0x00007ffecb7a0000 - 0x00007ffecb7b5000 	C:\Windows\system32\wshbth.dll
0x00007ffecc7e0000 - 0x00007ffecc7fd000 	C:\Windows\system32\NLAapi.dll
0x00007ffed4340000 - 0x00007ffed437b000 	C:\Windows\SYSTEM32\IPHLPAPI.DLL
0x00007ffed4380000 - 0x00007ffed444b000 	C:\Windows\SYSTEM32\DNSAPI.dll
0x00007ffed6a10000 - 0x00007ffed6a18000 	C:\Windows\System32\NSI.dll
0x00007ffe9fbf0000 - 0x00007ffe9fc02000 	C:\Windows\System32\winrnr.dll
0x00007ffeca820000 - 0x00007ffeca82a000 	C:\Windows\System32\rasadhlp.dll
0x00007ffec5470000 - 0x00007ffec54f0000 	C:\Windows\System32\fwpuclnt.dll
0x00007ffed5590000 - 0x00007ffed55b7000 	C:\Windows\System32\bcrypt.dll
0x00007ffed4890000 - 0x00007ffed48a8000 	C:\Windows\SYSTEM32\CRYPTSP.dll
0x00007ffed3ea0000 - 0x00007ffed3ed4000 	C:\Windows\system32\rsaenh.dll
0x00007ffed4de0000 - 0x00007ffed4e0e000 	C:\Windows\SYSTEM32\USERENV.dll
0x00007ffed48b0000 - 0x00007ffed48bc000 	C:\Windows\SYSTEM32\CRYPTBASE.dll
0x00007ffec6300000 - 0x00007ffec6317000 	C:\Windows\SYSTEM32\dhcpcsvc6.DLL
0x00007ffec9520000 - 0x00007ffec953d000 	C:\Windows\SYSTEM32\dhcpcsvc.DLL

dbghelp: loaded successfully - version: 4.0.5 - missing functions: none
symbol engine: initialized successfully - sym options: 0x614 - pdb path: .;C:\Program Files\Oracle\OpenJDK 11.0.1\bin;C:\Windows\SYSTEM32;C:\Windows\WinSxS\amd64_microsoft.windows.common-controls_6595b64144ccf1df_6.0.19041.1110_none_60b5254171f9507e;C:\Program Files\McAfee\Endpoint Security\Threat Prevention\Ips;C:\Program Files\Oracle\OpenJDK 11.0.1\bin\server

VM Arguments:
jvm_args: -Dcom.sun.management.jmxremote -Dcom.sun.management.jmxremote.port=64488 -Dcom.sun.management.jmxremote.authenticate=false -Dcom.sun.management.jmxremote.ssl=false -Djava.rmi.server.hostname=localhost -Dspring.jmx.enabled=true -Dspring.application.admin.enabled=true -Xverify:none -XX:TieredStopAtLevel=1 -Dspring.boot.project.name=Cab-Booking-Application -Dfile.encoding=UTF-8 
java_command: com.Cab.Booking.Application.CabBookingApplication --spring.output.ansi.enabled=always
java_class_path (initial): C:\Users\AA20262690\Downloads\Cab-Booking-Application\target\classes;C:\Users\AA20262690\.m2\repository\org\springframework\boot\spring-boot-starter-web\2.7.0\spring-boot-starter-web-2.7.0.jar;C:\Users\AA20262690\.m2\repository\org\springframework\boot\spring-boot-starter\2.7.0\spring-boot-starter-2.7.0.jar;C:\Users\AA20262690\.m2\repository\org\springframework\boot\spring-boot-starter-logging\2.7.0\spring-boot-starter-logging-2.7.0.jar;C:\Users\AA20262690\.m2\repository\ch\qos\logback\logback-classic\1.2.11\logback-classic-1.2.11.jar;C:\Users\AA20262690\.m2\repository\ch\qos\logback\logback-core\1.2.11\logback-core-1.2.11.jar;C:\Users\AA20262690\.m2\repository\org\apache\logging\log4j\log4j-to-slf4j\2.17.2\log4j-to-slf4j-2.17.2.jar;C:\Users\AA20262690\.m2\repository\org\apache\logging\log4j\log4j-api\2.17.2\log4j-api-2.17.2.jar;C:\Users\AA20262690\.m2\repository\org\slf4j\jul-to-slf4j\1.7.36\jul-to-slf4j-1.7.36.jar;C:\Users\AA20262690\.m2\repository\jakarta\annotation\jakarta.annotation-api\1.3.5\jakarta.annotation-api-1.3.5.jar;C:\Users\AA20262690\.m2\repository\org\yaml\snakeyaml\1.30\snakeyaml-1.30.jar;C:\Users\AA20262690\.m2\repository\org\springframework\boot\spring-boot-starter-json\2.7.0\spring-boot-starter-json-2.7.0.jar;C:\Users\AA20262690\.m2\repository\com\fasterxml\jackson\core\jackson-databind\2.13.3\jackson-databind-2.13.3.jar;C:\Users\AA20262690\.m2\repository\com\fasterxml\jackson\core\jackson-annotations\2.13.3\jackson-annotations-2.13.3.jar;C:\Users\AA20262690\.m2\repository\com\fasterxml\jackson\core\jackson-core\2.13.3\jackson-core-2.13.3.jar;C:\Users\AA20262690\.m2\repository\com\fasterxml\jackson\datatype\jackson-datatype-jdk8\2.13.3\jackson-datatype-jdk8-2.13.3.jar;C:\Users\AA20262690\.m2\repository\com\fasterxml\jackson\datatype\jackson-datatype-jsr310\2.13.3\jackson-datatype-jsr310-2.13.3.jar;C:\Users\AA20262690\.m2\repository\com\fasterxml\jackson\module\jackson-module-parameter-names\2.13.3\jackson-module-para
Launcher Type: SUN_STANDARD

[Global flags]
     bool BytecodeVerificationLocal                = false                                     {product} {command line}
     bool BytecodeVerificationRemote               = false                                     {product} {command line}
     intx CICompilerCount                          = 4                                         {product} {ergonomic}
     uint ConcGCThreads                            = 2                                         {product} {ergonomic}
     uint G1ConcRefinementThreads                  = 8                                         {product} {ergonomic}
   size_t G1HeapRegionSize                         = 1048576                                   {product} {ergonomic}
    uintx GCDrainStackTargetSize                   = 64                                        {product} {ergonomic}
   size_t InitialHeapSize                          = 264241152                                 {product} {ergonomic}
     bool ManagementServer                         = true                                      {product} {command line}
   size_t MarkStackSize                            = 4194304                                   {product} {ergonomic}
   size_t MaxHeapSize                              = 4217372672                                {product} {ergonomic}
   size_t MaxNewSize                               = 2530213888                                {product} {ergonomic}
   size_t MinHeapDeltaBytes                        = 1048576                                   {product} {ergonomic}
    uintx NonNMethodCodeHeapSize                   = 7549744                                {pd product} {ergonomic}
    uintx NonProfiledCodeHeapSize                  = 244108496                              {pd product} {ergonomic}
    uintx ProfiledCodeHeapSize                     = 0                                      {pd product} {ergonomic}
    uintx ReservedCodeCacheSize                    = 251658240                              {pd product} {ergonomic}
     bool SegmentedCodeCache                       = true                                      {product} {ergonomic}
     intx TieredStopAtLevel                        = 1                                         {product} {command line}
     bool UseCompressedClassPointers               = true                                 {lp64_product} {ergonomic}
     bool UseCompressedOops                        = true                                 {lp64_product} {ergonomic}
     bool UseG1GC                                  = true                                      {product} {ergonomic}
     bool UseLargePagesIndividualAllocation        = false                                  {pd product} {ergonomic}

Logging:
Log output configuration:
 #0: stdout all=warning uptime,level,tags
 #1: stderr all=off uptime,level,tags

Environment Variables:
JAVA_HOME=C:\Program Files\Oracle\OpenJDK 11.0.1
PATH=C:/Program Files/Oracle/OpenJDK 11.0.1/bin/server;C:/Program Files/Oracle/OpenJDK 11.0.1/bin;C:\Windows\system32;C:\Windows;C:\Windows\System32\Wbem;C:\Windows\System32\WindowsPowerShell\v1.0\;C:\Windows\System32\OpenSSH\;C:\Program Files\nodejs\;D:\Softwares\apache-maven-3.6.3\bin;C:\Program Files (x86)\Pulse Secure\VC142.CRT\X64\;C:\Program Files (x86)\Pulse Secure\VC142.CRT\X86\;C:\Users\AA20262690\AppData\Local\Microsoft\WindowsApps;C:\Program Files\Oracle\OpenJDK 11.0.1\bin;C:\apache-maven-3.6.1\bin;C:\Users\AA20262690\AppData\Roaming\npm;C:\Program Files\JetBrains\IntelliJ IDEA Community Edition 2021.3.2\bin;;C:\Users\AA20262690\AppData\Local\Programs\Git\cmd;D:\Softwares\sts-4.6.1.RELEASE;
USERNAME=AA20262690
OS=Windows_NT
PROCESSOR_IDENTIFIER=Intel64 Family 6 Model 140 Stepping 1, GenuineIntel



---------------  S Y S T E M  ---------------

OS: Windows 10 , 64 bit Build 19041 (10.0.19041.1706)

CPU:total 8 (initial active 8) (4 cores per cpu, 2 threads per core) family 6 model 140 stepping 1, cmov, cx8, fxsr, mmx, sse, sse2, sse3, ssse3, sse4.1, sse4.2, popcnt, avx, avx2, aes, clmul, erms, 3dnowpref, lzcnt, ht, tsc, tscinvbit, bmi1, bmi2, adx, sha, fma

Memory: 4k page, system-wide physical 16082M (4696M free)
TotalPageFile size 22226M (AvailPageFile size 8246M)
current process WorkingSet (physical memory assigned to process): 118M, peak: 118M
current process commit charge ("private bytes"): 359M, peak: 359M

vm_info: OpenJDK 64-Bit Server VM (11.0.1+13) for windows-amd64 JRE (11.0.1+13), built on Oct  6 2018 13:18:13 by "mach5one" with MS VC++ 15.5 (VS2017)

END.
